0 info it worked if it ends with ok
1 verbose cli [ '/usr/bin/node', '/usr/bin/npm', 'install' ]
2 info using npm@6.14.15
3 info using node@v14.18.0
4 verbose config Skipping project config: /var/www/.npmrc. (matches userconfig)
5 verbose npm-session f3d4c67c556bd8b1
6 silly install runPreinstallTopLevelLifecycles
7 silly install loadCurrentTree
8 silly install readLocalPackageData
9 timing stage:rollbackFailedOptional Completed in 5ms
10 timing stage:runTopLevelLifecycles Completed in 7008ms
11 verbose stack Error: Failed to parse json
11 verbose stack Unexpected end of JSON input while parsing near ''
11 verbose stack     at parseError (/usr/lib/node_modules/npm/node_modules/read-package-json/read-json.js:470:11)
11 verbose stack     at parseJson (/usr/lib/node_modules/npm/node_modules/read-package-json/read-json.js:105:26)
11 verbose stack     at /usr/lib/node_modules/npm/node_modules/read-package-json/read-json.js:52:5
11 verbose stack     at /usr/lib/node_modules/npm/node_modules/graceful-fs/graceful-fs.js:123:16
11 verbose stack     at FSReqCallback.readFileAfterClose [as oncomplete] (internal/fs/read_file_context.js:71:3)
12 verbose cwd /var/www
13 verbose Linux 4.9.125-linuxkit
14 verbose argv "/usr/bin/node" "/usr/bin/npm" "install"
15 verbose node v14.18.0
16 verbose npm  v6.14.15
17 error code EJSONPARSE
18 error file /var/www/package.json
19 error JSON.parse Failed to parse json
19 error JSON.parse Unexpected end of JSON input while parsing near ''
20 error JSON.parse Failed to parse package.json data.
20 error JSON.parse package.json must be actual JSON, not just JavaScript.
21 verbose exit [ 1, true ]
